{
  "stats": {
    "suites": 1,
    "tests": 1,
    "passes": 1,
    "pending": 0,
    "failures": 0,
    "start": "2020-05-28T18:43:43.894Z",
    "end": "2020-05-28T18:43:52.270Z",
    "duration": 8376,
    "testsRegistered": 1,
    "passPercent": 100,
    "pendingPercent": 0,
    "other": 0,
    "hasOther": false,
    "skipped": 0,
    "hasSkipped": false
  },
  "results": [
    {
      "uuid": "065dedcc-d9ed-41dd-9eeb-6af90c6bbb41",
      "title": "",
      "fullFile": "cypress\\integration\\automationTest\\automationTests_copy.feature",
      "file": "cypress\\integration\\automationTest\\automationTests_copy.feature",
      "beforeHooks": [],
      "afterHooks": [],
      "tests": [],
      "suites": [
        {
          "uuid": "75f3cc74-31cb-4de6-a298-f5f86b7b6504",
          "title": "Loanpal test",
          "fullFile": "",
          "file": "",
          "beforeHooks": [],
          "afterHooks": [],
          "tests": [
            {
              "title": "Loanpal Automation Exercise",
              "fullTitle": "Loanpal test Loanpal Automation Exercise",
              "timedOut": null,
              "duration": 5451,
              "state": "passed",
              "speed": "slow",
              "pass": true,
              "fail": false,
              "pending": false,
              "context": null,
              "code": "const state = window.testState;\nreturn cy\n  .then(() => state.onStartScenario(scenario, indexedSteps))\n  .then(() =>\n    resolveAndRunBeforeHooks.call(this, scenario.tags, state.feature.name)\n  )\n  .then(() =>\n    indexedSteps.forEach(step => stepTest.call(this, state, step, rowData))\n  )\n  .then(() =>\n    resolveAndRunAfterHooks.call(this, scenario.tags, state.feature.name)\n  )\n  .then(() => state.onFinishScenario(scenario));",
              "err": {},
              "uuid": "370fda5b-17d2-450f-9b7c-7b08cc8b3f6a",
              "parentUUID": "75f3cc74-31cb-4de6-a298-f5f86b7b6504",
              "isHook": false,
              "skipped": false
            }
          ],
          "suites": [],
          "passes": [
            "370fda5b-17d2-450f-9b7c-7b08cc8b3f6a"
          ],
          "failures": [],
          "pending": [],
          "skipped": [],
          "duration": 5451,
          "root": false,
          "rootEmpty": false,
          "_timeout": 2000
        }
      ],
      "passes": [],
      "failures": [],
      "pending": [],
      "skipped": [],
      "duration": 0,
      "root": true,
      "rootEmpty": true,
      "_timeout": 2000
    }
  ],
  "meta": {
    "mocha": {
      "version": "7.0.1"
    },
    "mochawesome": {
      "options": {
        "quiet": true,
        "reportFilename": "mochawesome",
        "saveHtml": false,
        "saveJson": true,
        "consoleReporter": "spec",
        "useInlineDiffs": false,
        "code": true
      },
      "version": "6.1.1"
    },
    "marge": {
      "options": {
        "reportDir": "cypress/reports/mochawesome-report",
        "quiet": true,
        "overwrite": false,
        "html": false,
        "json": true,
        "timestamp": "mmddyyyy_HHMMss"
      },
      "version": "5.1.0"
    }
  }
}